[ 2017-10-22T21:34:12+08:00 ] 127.0.0.1 /api/user/getVerifyCode/client_id/s/token/5851e1668461c6c8c8c2c7d152061a9e/phone/13450223260
INFO: [ app_init ] --START--
INFO: Run Behavior\BuildLiteBehavior [ RunTime:0.000000s ]
INFO: [ app_init ] --END-- [ RunTime:0.000000s ]
INFO: [ app_begin ] --START--
INFO: Run Behavior\ReadHtmlCacheBehavior [ RunTime:0.031250s ]
INFO: [ app_begin ] --END-- [ RunTime:0.031250s ]
ERR: Redis server went away

[ 2017-10-22T13:34:21+00:00 ] 127.0.0.1 /api/user/getVerifyCode/client_id/s/token/5851e1668461c6c8c8c2c7d152061a9e/phone/13450223260
INFO: [ app_init ] --START--
INFO: Run Behavior\BuildLiteBehavior [ RunTime:0.000000s ]
INFO: [ app_init ] --END-- [ RunTime:0.000000s ]
INFO: [ app_begin ] --START--
INFO: Run Behavior\ReadHtmlCacheBehavior [ RunTime:0.000000s ]
INFO: [ app_begin ] --END-- [ RunTime:0.000000s ]
SQL: SHOW COLUMNS FROM `zc_user_token` [ RunTime:0.0156s ]
SQL: SELECT * FROM `zc_user_token` WHERE `token` = '5851e1668461c6c8c8c2c7d152061a9e' LIMIT 1   [ RunTime:0.0000s ]
SQL: UPDATE `zc_user_token` SET `client_id`='s',`online`='1',`add_time`='1508679260',`room_id`='0' WHERE `token` = '5851e1668461c6c8c8c2c7d152061a9e' [ RunTime:0.0156s ]
NOTIC: [8] Use of undefined constant 　APP_DEBUG - assumed '　APP_DEBUG' D:\WWW\app\Application\Common\Common\function.php 第 175 行.
SQL: SHOW COLUMNS FROM `zc_request_action_log` [ RunTime:0.0156s ]
SQL: INSERT INTO `zc_request_action_log` (`user_id`,`is_temp`,`controller`,`action`,`param`,`return`,`ip`,`add_time`) VALUES ('15074464718086','1','User','getVerifyCode','{\"client_id\":\"s\",\"token\":\"5851e1668461c6c8c8c2c7d152061a9e\",\"phone\":\"13450223260\"}','{\"code\":200,\"token\":\"5851e1668461c6c8c8c2c7d152061a9e\",\"message\":\"成功\",\"data\":[]}','127.0.0.1','2017-10-22 13:34:21') [ RunTime:0.0313s ]

[ 2017-10-22T21:36:01+08:00 ] 127.0.0.1 /api/user/register/client_id/s/token/5851e1668461c6c8c8c2c7d152061a9e/phone/13450223260/user_name/ykeyke/verify_code/560409/password/123456/invite_code/000000
INFO: [ app_init ] --START--
INFO: Run Behavior\BuildLiteBehavior [ RunTime:0.000000s ]
INFO: [ app_init ] --END-- [ RunTime:0.000000s ]
INFO: [ app_begin ] --START--
INFO: Run Behavior\ReadHtmlCacheBehavior [ RunTime:0.000000s ]
INFO: [ app_begin ] --END-- [ RunTime:0.000000s ]
SQL: SHOW COLUMNS FROM `zc_user_token` [ RunTime:0.0156s ]
SQL: SELECT * FROM `zc_user_token` WHERE `token` = '5851e1668461c6c8c8c2c7d152061a9e' LIMIT 1   [ RunTime:0.0000s ]
SQL: UPDATE `zc_user_token` SET `client_id`='s',`online`='1',`add_time`='1508679361',`room_id`='0' WHERE `token` = '5851e1668461c6c8c8c2c7d152061a9e' [ RunTime:0.0000s ]
NOTIC: [8] Use of undefined constant 　APP_DEBUG - assumed '　APP_DEBUG' D:\WWW\app\Application\Common\Common\function.php 第 175 行.
SQL: SHOW COLUMNS FROM `zc_request_action_log` [ RunTime:0.0000s ]
SQL: INSERT INTO `zc_request_action_log` (`user_id`,`is_temp`,`controller`,`action`,`param`,`return`,`ip`,`add_time`) VALUES ('15074464718086','1','User','register','{\"client_id\":\"s\",\"token\":\"5851e1668461c6c8c8c2c7d152061a9e\",\"phone\":\"13450223260\",\"user_name\":\"ykeyke\",\"verify_code\":\"560409\",\"password\":\"123456\",\"invite_code\":\"000000\"}','{\"code\":3015,\"token\":\"5851e1668461c6c8c8c2c7d152061a9e\",\"message\":\"密码必须是8~16位数字或字母\",\"data\":[]}','127.0.0.1','2017-10-22 21:36:01') [ RunTime:0.0000s ]

[ 2017-10-22T21:36:12+08:00 ] 127.0.0.1 /api/user/register/client_id/s/token/5851e1668461c6c8c8c2c7d152061a9e/phone/13450223260/user_name/ykeyke/verify_code/560409/password/12345678/invite_code/000000
INFO: [ app_init ] --START--
INFO: Run Behavior\BuildLiteBehavior [ RunTime:0.000000s ]
INFO: [ app_init ] --END-- [ RunTime:0.000000s ]
INFO: [ app_begin ] --START--
INFO: Run Behavior\ReadHtmlCacheBehavior [ RunTime:0.000000s ]
INFO: [ app_begin ] --END-- [ RunTime:0.000000s ]
SQL: SHOW COLUMNS FROM `zc_user_token` [ RunTime:0.0156s ]
SQL: SELECT * FROM `zc_user_token` WHERE `token` = '5851e1668461c6c8c8c2c7d152061a9e' LIMIT 1   [ RunTime:0.0000s ]
SQL: UPDATE `zc_user_token` SET `client_id`='s',`online`='1',`add_time`='1508679372',`room_id`='0' WHERE `token` = '5851e1668461c6c8c8c2c7d152061a9e' [ RunTime:0.0000s ]
SQL: SHOW COLUMNS FROM `zc_admin_user` [ RunTime:0.0000s ]
SQL: SELECT COUNT(*) AS tp_count FROM `zc_admin_user` WHERE `invite_code` = '000000' LIMIT 1   [ RunTime:0.0156s ]
NOTIC: [8] Undefined variable: type D:\WWW\app\Application\Api\Controller\UserController.class.php 第 40 行.
SQL: SHOW COLUMNS FROM `zc_user` [ RunTime:0.0156s ]
SQL: SELECT COUNT(*) AS tp_count FROM `zc_user` WHERE `user_name` = 'ykeyke' LIMIT 1   [ RunTime:0.0000s ]
SQL: INSERT INTO `zc_user` (`user_name`,`nickname`,`phone`,`email`,`password`,`pay_password`,`balance`,`status`,`invite_code`,`add_time`) VALUES ('ykeyke','','13450223260','','25d55ad283aa400af464c76d713c07ad','','0','1','000000','1508679372') [ RunTime:0.0000s ]
SQL: UPDATE `zc_user_token` SET `user_id`='69',`is_temp`='0' WHERE `token` = '5851e1668461c6c8c8c2c7d152061a9e' [ RunTime:0.0000s ]
NOTIC: [8] Use of undefined constant 　APP_DEBUG - assumed '　APP_DEBUG' D:\WWW\app\Application\Common\Common\function.php 第 175 行.
SQL: SHOW COLUMNS FROM `zc_request_action_log` [ RunTime:0.0156s ]
SQL: INSERT INTO `zc_request_action_log` (`user_id`,`is_temp`,`controller`,`action`,`param`,`return`,`ip`,`add_time`) VALUES ('15074464718086','1','User','register','{\"client_id\":\"s\",\"token\":\"5851e1668461c6c8c8c2c7d152061a9e\",\"phone\":\"13450223260\",\"user_name\":\"ykeyke\",\"verify_code\":\"560409\",\"password\":\"12345678\",\"invite_code\":\"000000\"}','{\"code\":200,\"token\":\"5851e1668461c6c8c8c2c7d152061a9e\",\"message\":\"成功\",\"data\":[]}','127.0.0.1','2017-10-22 21:36:12') [ RunTime:0.0000s ]

[ 2017-10-22T21:36:34+08:00 ] 127.0.0.1 /api/user/register/client_id/s/token/5851e1668461c6c8c8c2c7d152061a9e/phone/13450223260/user_name/ykeyke/verify_code/560409/password/12345678/invite_code/000000
INFO: [ app_init ] --START--
INFO: Run Behavior\BuildLiteBehavior [ RunTime:0.000000s ]
INFO: [ app_init ] --END-- [ RunTime:0.000000s ]
INFO: [ app_begin ] --START--
INFO: Run Behavior\ReadHtmlCacheBehavior [ RunTime:0.015625s ]
INFO: [ app_begin ] --END-- [ RunTime:0.015625s ]
SQL: SHOW COLUMNS FROM `zc_user_token` [ RunTime:0.0156s ]
SQL: SELECT * FROM `zc_user_token` WHERE `token` = '5851e1668461c6c8c8c2c7d152061a9e' LIMIT 1   [ RunTime:0.0000s ]
SQL: SHOW COLUMNS FROM `zc_user` [ RunTime:0.0156s ]
SQL: SELECT * FROM `zc_user` WHERE `user_id` = 69 LIMIT 1   [ RunTime:0.0000s ]
SQL: SELECT COUNT(*) AS tp_count FROM `zc_user_token` WHERE `user_id` = '15086793948946' LIMIT 1   [ RunTime:0.0000s ]
SQL: UPDATE `zc_user_token` SET `user_id`='15086793948946',`is_temp`='1' WHERE `token` = '5851e1668461c6c8c8c2c7d152061a9e' [ RunTime:0.0000s ]
SQL: UPDATE `zc_user_token` SET `client_id`='s',`online`='1',`add_time`='1508679394',`room_id`='0' WHERE `token` = '5851e1668461c6c8c8c2c7d152061a9e' [ RunTime:0.0000s ]
SQL: SHOW COLUMNS FROM `zc_admin_user` [ RunTime:0.0156s ]
SQL: SELECT COUNT(*) AS tp_count FROM `zc_admin_user` WHERE `invite_code` = '000000' LIMIT 1   [ RunTime:0.0000s ]
NOTIC: [8] Undefined variable: type D:\WWW\app\Application\Api\Controller\UserController.class.php 第 40 行.
SQL: SELECT COUNT(*) AS tp_count FROM `zc_user` WHERE `user_name` = 'ykeyke' LIMIT 1   [ RunTime:0.0000s ]
NOTIC: [8] Use of undefined constant 　APP_DEBUG - assumed '　APP_DEBUG' D:\WWW\app\Application\Common\Common\function.php 第 175 行.
SQL: SHOW COLUMNS FROM `zc_request_action_log` [ RunTime:0.0000s ]
SQL: INSERT INTO `zc_request_action_log` (`user_id`,`is_temp`,`controller`,`action`,`param`,`return`,`ip`,`add_time`) VALUES ('69','0','User','register','{\"client_id\":\"s\",\"token\":\"5851e1668461c6c8c8c2c7d152061a9e\",\"phone\":\"13450223260\",\"user_name\":\"ykeyke\",\"verify_code\":\"560409\",\"password\":\"12345678\",\"invite_code\":\"000000\"}','{\"code\":3008,\"token\":\"5851e1668461c6c8c8c2c7d152061a9e\",\"message\":\"该账号已被注册，请重新输入\",\"data\":[]}','127.0.0.1','2017-10-22 21:36:34') [ RunTime:0.0000s ]

[ 2017-10-22T21:40:33+08:00 ] 127.0.0.1 /api/user/forgetPassword/client_id/s/token/5851e1668461c6c8c8c2c7d152061a9e/phone/13450223260/user_name/ykeyk/verify_code/560409/password/123456789
INFO: [ app_init ] --START--
INFO: Run Behavior\BuildLiteBehavior [ RunTime:0.000000s ]
INFO: [ app_init ] --END-- [ RunTime:0.000000s ]
INFO: [ app_begin ] --START--
INFO: Run Behavior\ReadHtmlCacheBehavior [ RunTime:0.015625s ]
INFO: [ app_begin ] --END-- [ RunTime:0.015625s ]
SQL: SHOW COLUMNS FROM `zc_user_token` [ RunTime:0.0313s ]
SQL: SELECT * FROM `zc_user_token` WHERE `token` = '5851e1668461c6c8c8c2c7d152061a9e' LIMIT 1   [ RunTime:0.0000s ]
SQL: UPDATE `zc_user_token` SET `client_id`='s',`online`='1',`add_time`='1508679633',`room_id`='0' WHERE `token` = '5851e1668461c6c8c8c2c7d152061a9e' [ RunTime:0.0000s ]
SQL: SHOW COLUMNS FROM `zc_user` [ RunTime:0.0156s ]
SQL: SELECT COUNT(*) AS tp_count FROM `zc_user` WHERE `user_name` = 'ykeyk' AND `phone` = '13450223260' LIMIT 1   [ RunTime:0.0000s ]
NOTIC: [8] Use of undefined constant 　APP_DEBUG - assumed '　APP_DEBUG' D:\WWW\app\Application\Common\Common\function.php 第 175 行.
SQL: SHOW COLUMNS FROM `zc_request_action_log` [ RunTime:0.0156s ]
SQL: INSERT INTO `zc_request_action_log` (`user_id`,`is_temp`,`controller`,`action`,`param`,`return`,`ip`,`add_time`) VALUES ('15086793948946','1','User','forgetPassword','{\"client_id\":\"s\",\"token\":\"5851e1668461c6c8c8c2c7d152061a9e\",\"phone\":\"13450223260\",\"user_name\":\"ykeyk\",\"verify_code\":\"560409\",\"password\":\"123456789\"}','{\"code\":3014,\"token\":\"5851e1668461c6c8c8c2c7d152061a9e\",\"message\":\"账号输入有误，请重新输入\",\"data\":[]}','127.0.0.1','2017-10-22 21:40:33') [ RunTime:0.0000s ]

[ 2017-10-22T21:40:43+08:00 ] 127.0.0.1 /api/user/forgetPassword/client_id/s/token/5851e1668461c6c8c8c2c7d152061a9e/phone/13450223260/user_name/ykeyke/verify_code/560409/password/123456789
INFO: [ app_init ] --START--
INFO: Run Behavior\BuildLiteBehavior [ RunTime:0.000000s ]
INFO: [ app_init ] --END-- [ RunTime:0.000000s ]
INFO: [ app_begin ] --START--
INFO: Run Behavior\ReadHtmlCacheBehavior [ RunTime:0.000000s ]
INFO: [ app_begin ] --END-- [ RunTime:0.000000s ]
SQL: SHOW COLUMNS FROM `zc_user_token` [ RunTime:0.0156s ]
SQL: SELECT * FROM `zc_user_token` WHERE `token` = '5851e1668461c6c8c8c2c7d152061a9e' LIMIT 1   [ RunTime:0.0000s ]
SQL: UPDATE `zc_user_token` SET `client_id`='s',`online`='1',`add_time`='1508679643',`room_id`='0' WHERE `token` = '5851e1668461c6c8c8c2c7d152061a9e' [ RunTime:0.0000s ]
SQL: SHOW COLUMNS FROM `zc_user` [ RunTime:0.0156s ]
SQL: SELECT COUNT(*) AS tp_count FROM `zc_user` WHERE `user_name` = 'ykeyke' AND `phone` = '13450223260' LIMIT 1   [ RunTime:0.0000s ]
SQL: UPDATE `zc_user` SET `password`='25f9e794323b453885f5181f1b624d0b' WHERE `user_name` = 'ykeyke' [ RunTime:0.0000s ]
NOTIC: [8] Use of undefined constant 　APP_DEBUG - assumed '　APP_DEBUG' D:\WWW\app\Application\Common\Common\function.php 第 175 行.
SQL: SHOW COLUMNS FROM `zc_request_action_log` [ RunTime:0.0156s ]
SQL: INSERT INTO `zc_request_action_log` (`user_id`,`is_temp`,`controller`,`action`,`param`,`return`,`ip`,`add_time`) VALUES ('15086793948946','1','User','forgetPassword','{\"client_id\":\"s\",\"token\":\"5851e1668461c6c8c8c2c7d152061a9e\",\"phone\":\"13450223260\",\"user_name\":\"ykeyke\",\"verify_code\":\"560409\",\"password\":\"123456789\"}','{\"code\":200,\"token\":\"5851e1668461c6c8c8c2c7d152061a9e\",\"message\":\"成功\",\"data\":[]}','127.0.0.1','2017-10-22 21:40:43') [ RunTime:0.0000s ]

[ 2017-10-22T21:40:56+08:00 ] 127.0.0.1 /api/user/forgetPassword/client_id/s/token/5851e1668461c6c8c8c2c7d152061a9e/phone/13450223260/user_name/ykeyke/verify_code/560409/password/123456789
INFO: [ app_init ] --START--
INFO: Run Behavior\BuildLiteBehavior [ RunTime:0.000000s ]
INFO: [ app_init ] --END-- [ RunTime:0.015625s ]
INFO: [ app_begin ] --START--
INFO: Run Behavior\ReadHtmlCacheBehavior [ RunTime:0.000000s ]
INFO: [ app_begin ] --END-- [ RunTime:0.000000s ]
SQL: SHOW COLUMNS FROM `zc_user_token` [ RunTime:0.0156s ]
SQL: SELECT * FROM `zc_user_token` WHERE `token` = '5851e1668461c6c8c8c2c7d152061a9e' LIMIT 1   [ RunTime:0.0000s ]
SQL: UPDATE `zc_user_token` SET `client_id`='s',`online`='1',`add_time`='1508679656',`room_id`='0' WHERE `token` = '5851e1668461c6c8c8c2c7d152061a9e' [ RunTime:0.0000s ]
SQL: SHOW COLUMNS FROM `zc_user` [ RunTime:0.0156s ]
SQL: SELECT COUNT(*) AS tp_count FROM `zc_user` WHERE `user_name` = 'ykeyke' AND `phone` = '13450223260' LIMIT 1   [ RunTime:0.0000s ]
SQL: UPDATE `zc_user` SET `password`='25f9e794323b453885f5181f1b624d0b' WHERE `user_name` = 'ykeyke' [ RunTime:0.0000s ]
NOTIC: [8] Use of undefined constant 　APP_DEBUG - assumed '　APP_DEBUG' D:\WWW\app\Application\Common\Common\function.php 第 175 行.
SQL: SHOW COLUMNS FROM `zc_request_action_log` [ RunTime:0.0156s ]
SQL: INSERT INTO `zc_request_action_log` (`user_id`,`is_temp`,`controller`,`action`,`param`,`return`,`ip`,`add_time`) VALUES ('15086793948946','1','User','forgetPassword','{\"client_id\":\"s\",\"token\":\"5851e1668461c6c8c8c2c7d152061a9e\",\"phone\":\"13450223260\",\"user_name\":\"ykeyke\",\"verify_code\":\"560409\",\"password\":\"123456789\"}','{\"code\":200,\"token\":\"5851e1668461c6c8c8c2c7d152061a9e\",\"message\":\"成功\",\"data\":[]}','127.0.0.1','2017-10-22 21:40:56') [ RunTime:0.0000s ]

[ 2017-10-22T21:41:10+08:00 ] 127.0.0.1 /api/user/forgetPassword/client_id/s/token/5851e1668461c6c8c8c2c7d152061a9e/phone/13450223260/user_name/ykeyke/verify_code/560400/password/123456789
INFO: [ app_init ] --START--
INFO: Run Behavior\BuildLiteBehavior [ RunTime:0.000000s ]
INFO: [ app_init ] --END-- [ RunTime:0.000000s ]
INFO: [ app_begin ] --START--
INFO: Run Behavior\ReadHtmlCacheBehavior [ RunTime:0.000000s ]
INFO: [ app_begin ] --END-- [ RunTime:0.000000s ]
SQL: SHOW COLUMNS FROM `zc_user_token` [ RunTime:0.0000s ]
SQL: SELECT * FROM `zc_user_token` WHERE `token` = '5851e1668461c6c8c8c2c7d152061a9e' LIMIT 1   [ RunTime:0.0156s ]
SQL: UPDATE `zc_user_token` SET `client_id`='s',`online`='1',`add_time`='1508679669',`room_id`='0' WHERE `token` = '5851e1668461c6c8c8c2c7d152061a9e' [ RunTime:0.0000s ]
SQL: SHOW COLUMNS FROM `zc_user` [ RunTime:0.0156s ]
SQL: SELECT COUNT(*) AS tp_count FROM `zc_user` WHERE `user_name` = 'ykeyke' AND `phone` = '13450223260' LIMIT 1   [ RunTime:0.0000s ]
NOTIC: [8] Use of undefined constant 　APP_DEBUG - assumed '　APP_DEBUG' D:\WWW\app\Application\Common\Common\function.php 第 175 行.
SQL: SHOW COLUMNS FROM `zc_request_action_log` [ RunTime:0.0156s ]
SQL: INSERT INTO `zc_request_action_log` (`user_id`,`is_temp`,`controller`,`action`,`param`,`return`,`ip`,`add_time`) VALUES ('15086793948946','1','User','forgetPassword','{\"client_id\":\"s\",\"token\":\"5851e1668461c6c8c8c2c7d152061a9e\",\"phone\":\"13450223260\",\"user_name\":\"ykeyke\",\"verify_code\":\"560400\",\"password\":\"123456789\"}','{\"code\":3007,\"token\":\"5851e1668461c6c8c8c2c7d152061a9e\",\"message\":\"请输入正确验证码\",\"data\":[]}','127.0.0.1','2017-10-22 21:41:10') [ RunTime:0.0000s ]

[ 2017-10-22T13:42:12+00:00 ] 127.0.0.1 /api/user/getVerifyCode/client_id/s/token/5851e1668461c6c8c8c2c7d152061a9e/phone/13450223260
INFO: [ app_init ] --START--
INFO: Run Behavior\BuildLiteBehavior [ RunTime:0.000000s ]
INFO: [ app_init ] --END-- [ RunTime:0.000000s ]
INFO: [ app_begin ] --START--
INFO: Run Behavior\ReadHtmlCacheBehavior [ RunTime:0.000000s ]
INFO: [ app_begin ] --END-- [ RunTime:0.000000s ]
SQL: SHOW COLUMNS FROM `zc_user_token` [ RunTime:0.0156s ]
SQL: SELECT * FROM `zc_user_token` WHERE `token` = '5851e1668461c6c8c8c2c7d152061a9e' LIMIT 1   [ RunTime:0.0000s ]
SQL: UPDATE `zc_user_token` SET `client_id`='s',`online`='1',`add_time`='1508679732',`room_id`='0' WHERE `token` = '5851e1668461c6c8c8c2c7d152061a9e' [ RunTime:0.0000s ]
NOTIC: [8] Use of undefined constant 　APP_DEBUG - assumed '　APP_DEBUG' D:\WWW\app\Application\Common\Common\function.php 第 175 行.
SQL: SHOW COLUMNS FROM `zc_request_action_log` [ RunTime:0.0156s ]
SQL: INSERT INTO `zc_request_action_log` (`user_id`,`is_temp`,`controller`,`action`,`param`,`return`,`ip`,`add_time`) VALUES ('15086793948946','1','User','getVerifyCode','{\"client_id\":\"s\",\"token\":\"5851e1668461c6c8c8c2c7d152061a9e\",\"phone\":\"13450223260\"}','{\"code\":200,\"token\":\"5851e1668461c6c8c8c2c7d152061a9e\",\"message\":\"成功\",\"data\":[]}','127.0.0.1','2017-10-22 13:42:12') [ RunTime:0.0000s ]

[ 2017-10-22T21:42:37+08:00 ] 127.0.0.1 /api/user/forgetPassword/client_id/s/token/5851e1668461c6c8c8c2c7d152061a9e/phone/13450223260/user_name/ykeyke/verify_code/544011/password/123456780
INFO: [ app_init ] --START--
INFO: Run Behavior\BuildLiteBehavior [ RunTime:0.000000s ]
INFO: [ app_init ] --END-- [ RunTime:0.000000s ]
INFO: [ app_begin ] --START--
INFO: Run Behavior\ReadHtmlCacheBehavior [ RunTime:0.000000s ]
INFO: [ app_begin ] --END-- [ RunTime:0.000000s ]
SQL: SHOW COLUMNS FROM `zc_user_token` [ RunTime:0.0156s ]
SQL: SELECT * FROM `zc_user_token` WHERE `token` = '5851e1668461c6c8c8c2c7d152061a9e' LIMIT 1   [ RunTime:0.0000s ]
SQL: UPDATE `zc_user_token` SET `client_id`='s',`online`='1',`add_time`='1508679757',`room_id`='0' WHERE `token` = '5851e1668461c6c8c8c2c7d152061a9e' [ RunTime:0.0156s ]
SQL: SHOW COLUMNS FROM `zc_user` [ RunTime:0.0000s ]
SQL: SELECT COUNT(*) AS tp_count FROM `zc_user` WHERE `user_name` = 'ykeyke' AND `phone` = '13450223260' LIMIT 1   [ RunTime:0.0000s ]
NOTIC: [8] Use of undefined constant 　APP_DEBUG - assumed '　APP_DEBUG' D:\WWW\app\Application\Common\Common\function.php 第 175 行.
SQL: SHOW COLUMNS FROM `zc_request_action_log` [ RunTime:0.0156s ]
SQL: INSERT INTO `zc_request_action_log` (`user_id`,`is_temp`,`controller`,`action`,`param`,`return`,`ip`,`add_time`) VALUES ('15086793948946','1','User','forgetPassword','{\"client_id\":\"s\",\"token\":\"5851e1668461c6c8c8c2c7d152061a9e\",\"phone\":\"13450223260\",\"user_name\":\"ykeyke\",\"verify_code\":\"544011\",\"password\":\"123456780\"}','{\"code\":3007,\"token\":\"5851e1668461c6c8c8c2c7d152061a9e\",\"message\":\"请输入正确验证码\",\"data\":[]}','127.0.0.1','2017-10-22 21:42:37') [ RunTime:0.0000s ]

[ 2017-10-22T21:42:48+08:00 ] 127.0.0.1 /api/user/forgetPassword/client_id/s/token/5851e1668461c6c8c8c2c7d152061a9e/phone/13450223260/user_name/ykeyke/verify_code/544012/password/123456780
INFO: [ app_init ] --START--
INFO: Run Behavior\BuildLiteBehavior [ RunTime:0.000000s ]
INFO: [ app_init ] --END-- [ RunTime:0.000000s ]
INFO: [ app_begin ] --START--
INFO: Run Behavior\ReadHtmlCacheBehavior [ RunTime:0.000000s ]
INFO: [ app_begin ] --END-- [ RunTime:0.000000s ]
SQL: SHOW COLUMNS FROM `zc_user_token` [ RunTime:0.0000s ]
SQL: SELECT * FROM `zc_user_token` WHERE `token` = '5851e1668461c6c8c8c2c7d152061a9e' LIMIT 1   [ RunTime:0.0000s ]
SQL: UPDATE `zc_user_token` SET `client_id`='s',`online`='1',`add_time`='1508679768',`room_id`='0' WHERE `token` = '5851e1668461c6c8c8c2c7d152061a9e' [ RunTime:0.0000s ]
SQL: SHOW COLUMNS FROM `zc_user` [ RunTime:0.0156s ]
SQL: SELECT COUNT(*) AS tp_count FROM `zc_user` WHERE `user_name` = 'ykeyke' AND `phone` = '13450223260' LIMIT 1   [ RunTime:0.0000s ]
SQL: UPDATE `zc_user` SET `password`='102a23a0e4661368943dacb516a18cc8' WHERE `user_name` = 'ykeyke' [ RunTime:0.0000s ]
NOTIC: [8] Use of undefined constant 　APP_DEBUG - assumed '　APP_DEBUG' D:\WWW\app\Application\Common\Common\function.php 第 175 行.
SQL: SHOW COLUMNS FROM `zc_request_action_log` [ RunTime:0.0000s ]
SQL: INSERT INTO `zc_request_action_log` (`user_id`,`is_temp`,`controller`,`action`,`param`,`return`,`ip`,`add_time`) VALUES ('15086793948946','1','User','forgetPassword','{\"client_id\":\"s\",\"token\":\"5851e1668461c6c8c8c2c7d152061a9e\",\"phone\":\"13450223260\",\"user_name\":\"ykeyke\",\"verify_code\":\"544012\",\"password\":\"123456780\"}','{\"code\":200,\"token\":\"5851e1668461c6c8c8c2c7d152061a9e\",\"message\":\"成功\",\"data\":[]}','127.0.0.1','2017-10-22 21:42:48') [ RunTime:0.0000s ]

