[ 2017-09-08T02:06:08+08:00 ] 127.0.0.1 /cli/syncincome
ERR: 无法加载控制器:Syncincome

[ 2017-09-08T02:06:23+08:00 ] 127.0.0.1 /cli/syncincome
INFO: [ app_init ] --START--
INFO: Run Behavior\BuildLiteBehavior [ RunTime:0.000000s ]
INFO: [ app_init ] --END-- [ RunTime:0.000000s ]
INFO: [ app_begin ] --START--
INFO: Run Behavior\ReadHtmlCacheBehavior [ RunTime:0.000000s ]
INFO: [ app_begin ] --END-- [ RunTime:0.000000s ]
ERR: 无法加载控制器:Syncincome

[ 2017-09-08T02:06:42+08:00 ] 127.0.0.1 /cli/syncIncome
INFO: [ app_init ] --START--
INFO: Run Behavior\BuildLiteBehavior [ RunTime:0.000000s ]
INFO: [ app_init ] --END-- [ RunTime:0.000000s ]
INFO: [ app_begin ] --START--
INFO: Run Behavior\ReadHtmlCacheBehavior [ RunTime:0.000000s ]
INFO: [ app_begin ] --END-- [ RunTime:0.000000s ]
SQL: SHOW COLUMNS FROM `zc_admin_user` [ RunTime:0.0000s ]
SQL: SHOW COLUMNS FROM `zc_bet_log` [ RunTime:0.0000s ]
SQL: SHOW COLUMNS FROM `zc_admin_income` [ RunTime:0.0156s ]
SQL: SHOW COLUMNS FROM `zc_admin_waste_book` [ RunTime:0.0000s ]
SQL: SELECT `id`,`user_id`,`issue`,`is_host`,`bet_balance`,`profit_balance`,`commission`,`add_time` FROM `zc_bet_log` WHERE `sync` = 0  [ RunTime:0.0000s ]
SQL: SHOW COLUMNS FROM `zc_user` [ RunTime:0.0156s ]
SQL: SELECT `invite_code` FROM `zc_user` WHERE `user_id` = 2 LIMIT 1   [ RunTime:0.0000s ]
SQL: SELECT `user_id`,`pid`,`rate` FROM `zc_admin_user` WHERE `invite_code` = '000000' LIMIT 1   [ RunTime:0.0000s ]
SQL: SELECT `user_id`,`pid`,`rate` FROM `zc_admin_user` WHERE `user_id` = 0 LIMIT 1   [ RunTime:0.0000s ]
SQL: INSERT INTO `zc_admin_income` (`admin_id`,`bet_id`,`user_id`,`issue`,`is_host`,`bet_balance`,`profit_balance`,`win_balance`,`commission`,`add_time`) VALUES ('1','68','2','634132','0','500.00','-500.00','0.00','0.00','1504807602') [ RunTime:0.0313s ]
SQL: SELECT `balance` FROM `zc_admin_user` WHERE `user_id` = 1 LIMIT 1   [ RunTime:0.0000s ]
SQL: UPDATE `zc_admin_user` SET `balance`='1112836.54' WHERE `user_id` = 1 [ RunTime:0.0156s ]
SQL: INSERT INTO `zc_admin_waste_book` (`user_id`,`before_balance`,`after_balance`,`change_balance`,`type`,`add_time`) VALUES ('1','1112836.54','1112836.54','0.00','1','1503836400') [ RunTime:0.0000s ]
SQL: UPDATE `zc_bet_log` SET `sync`='1' WHERE `id` = 68 [ RunTime:0.0000s ]
SQL: SELECT `invite_code` FROM `zc_user` WHERE `user_id` = 2 LIMIT 1   [ RunTime:0.0000s ]
SQL: SELECT `user_id`,`pid`,`rate` FROM `zc_admin_user` WHERE `invite_code` = '000000' LIMIT 1   [ RunTime:0.0000s ]
SQL: SELECT `user_id`,`pid`,`rate` FROM `zc_admin_user` WHERE `user_id` = 0 LIMIT 1   [ RunTime:0.0000s ]
SQL: INSERT INTO `zc_admin_income` (`admin_id`,`bet_id`,`user_id`,`issue`,`is_host`,`bet_balance`,`profit_balance`,`win_balance`,`commission`,`add_time`) VALUES ('1','69','2','634132','0','800.00','586.00','1400.00','14.00','1504807602') [ RunTime:0.0000s ]
SQL: SELECT `balance` FROM `zc_admin_user` WHERE `user_id` = 1 LIMIT 1   [ RunTime:0.0000s ]
SQL: UPDATE `zc_admin_user` SET `balance`='1112850.54' WHERE `user_id` = 1 [ RunTime:0.0000s ]
SQL: INSERT INTO `zc_admin_waste_book` (`user_id`,`before_balance`,`after_balance`,`change_balance`,`type`,`add_time`) VALUES ('1','1112836.54','1112850.54','14.00','1','1503836760') [ RunTime:0.0000s ]
SQL: UPDATE `zc_bet_log` SET `sync`='1' WHERE `id` = 69 [ RunTime:0.0000s ]
SQL: SELECT `invite_code` FROM `zc_user` WHERE `user_id` = 2 LIMIT 1   [ RunTime:0.0000s ]
SQL: SELECT `user_id`,`pid`,`rate` FROM `zc_admin_user` WHERE `invite_code` = '000000' LIMIT 1   [ RunTime:0.0000s ]
SQL: SELECT `user_id`,`pid`,`rate` FROM `zc_admin_user` WHERE `user_id` = 0 LIMIT 1   [ RunTime:0.0000s ]
SQL: INSERT INTO `zc_admin_income` (`admin_id`,`bet_id`,`user_id`,`issue`,`is_host`,`bet_balance`,`profit_balance`,`win_balance`,`commission`,`add_time`) VALUES ('1','70','2','634132','0','400.00','194.00','600.00','6.00','1504807602') [ RunTime:0.0000s ]
SQL: SELECT `balance` FROM `zc_admin_user` WHERE `user_id` = 1 LIMIT 1   [ RunTime:0.0000s ]
SQL: UPDATE `zc_admin_user` SET `balance`='1112856.54' WHERE `user_id` = 1 [ RunTime:0.0000s ]
SQL: INSERT INTO `zc_admin_waste_book` (`user_id`,`before_balance`,`after_balance`,`change_balance`,`type`,`add_time`) VALUES ('1','1112850.54','1112856.54','6.00','1','1503837000') [ RunTime:0.0000s ]
SQL: UPDATE `zc_bet_log` SET `sync`='1' WHERE `id` = 70 [ RunTime:0.0156s ]
SQL: SELECT `invite_code` FROM `zc_user` WHERE `user_id` = 2 LIMIT 1   [ RunTime:0.0000s ]
SQL: SELECT `user_id`,`pid`,`rate` FROM `zc_admin_user` WHERE `invite_code` = '000000' LIMIT 1   [ RunTime:0.0000s ]
SQL: SELECT `user_id`,`pid`,`rate` FROM `zc_admin_user` WHERE `user_id` = 0 LIMIT 1   [ RunTime:0.0000s ]
SQL: INSERT INTO `zc_admin_income` (`admin_id`,`bet_id`,`user_id`,`issue`,`is_host`,`bet_balance`,`profit_balance`,`win_balance`,`commission`,`add_time`) VALUES ('1','71','2','634132','0','400.00','194.00','600.00','6.00','1504807602') [ RunTime:0.0000s ]
SQL: SELECT `balance` FROM `zc_admin_user` WHERE `user_id` = 1 LIMIT 1   [ RunTime:0.0000s ]
SQL: UPDATE `zc_admin_user` SET `balance`='1112862.54' WHERE `user_id` = 1 [ RunTime:0.0000s ]
SQL: INSERT INTO `zc_admin_waste_book` (`user_id`,`before_balance`,`after_balance`,`change_balance`,`type`,`add_time`) VALUES ('1','1112856.54','1112862.54','6.00','1','1503837060') [ RunTime:0.0000s ]
SQL: UPDATE `zc_bet_log` SET `sync`='1' WHERE `id` = 71 [ RunTime:0.0000s ]
SQL: SELECT `invite_code` FROM `zc_user` WHERE `user_id` = 2 LIMIT 1   [ RunTime:0.0000s ]
SQL: SELECT `user_id`,`pid`,`rate` FROM `zc_admin_user` WHERE `invite_code` = '000000' LIMIT 1   [ RunTime:0.0000s ]
SQL: SELECT `user_id`,`pid`,`rate` FROM `zc_admin_user` WHERE `user_id` = 0 LIMIT 1   [ RunTime:0.0000s ]
SQL: INSERT INTO `zc_admin_income` (`admin_id`,`bet_id`,`user_id`,`issue`,`is_host`,`bet_balance`,`profit_balance`,`win_balance`,`commission`,`add_time`) VALUES ('1','72','2','634132','0','800.00','-8.00','800.00','8.00','1504807602') [ RunTime:0.0000s ]
SQL: SELECT `balance` FROM `zc_admin_user` WHERE `user_id` = 1 LIMIT 1   [ RunTime:0.0000s ]
SQL: UPDATE `zc_admin_user` SET `balance`='1112870.54' WHERE `user_id` = 1 [ RunTime:0.0000s ]
SQL: INSERT INTO `zc_admin_waste_book` (`user_id`,`before_balance`,`after_balance`,`change_balance`,`type`,`add_time`) VALUES ('1','1112862.54','1112870.54','8.00','1','1503837960') [ RunTime:0.0000s ]
SQL: UPDATE `zc_bet_log` SET `sync`='1' WHERE `id` = 72 [ RunTime:0.0000s ]
SQL: SELECT `invite_code` FROM `zc_user` WHERE `user_id` = 2 LIMIT 1   [ RunTime:0.0000s ]
SQL: SELECT `user_id`,`pid`,`rate` FROM `zc_admin_user` WHERE `invite_code` = '000000' LIMIT 1   [ RunTime:0.0000s ]
SQL: SELECT `user_id`,`pid`,`rate` FROM `zc_admin_user` WHERE `user_id` = 0 LIMIT 1   [ RunTime:0.0000s ]
SQL: INSERT INTO `zc_admin_income` (`admin_id`,`bet_id`,`user_id`,`issue`,`is_host`,`bet_balance`,`profit_balance`,`win_balance`,`commission`,`add_time`) VALUES ('1','73','2','634132','0','800.00','-8.00','800.00','8.00','1504807602') [ RunTime:0.0156s ]
SQL: SELECT `balance` FROM `zc_admin_user` WHERE `user_id` = 1 LIMIT 1   [ RunTime:0.0000s ]
SQL: UPDATE `zc_admin_user` SET `balance`='1112878.54' WHERE `user_id` = 1 [ RunTime:0.0000s ]
SQL: INSERT INTO `zc_admin_waste_book` (`user_id`,`before_balance`,`after_balance`,`change_balance`,`type`,`add_time`) VALUES ('1','1112870.54','1112878.54','8.00','1','1503838860') [ RunTime:0.0000s ]
SQL: UPDATE `zc_bet_log` SET `sync`='1' WHERE `id` = 73 [ RunTime:0.0000s ]
SQL: SELECT `invite_code` FROM `zc_user` WHERE `user_id` = 2 LIMIT 1   [ RunTime:0.0000s ]
SQL: SELECT `user_id`,`pid`,`rate` FROM `zc_admin_user` WHERE `invite_code` = '000000' LIMIT 1   [ RunTime:0.0000s ]
SQL: SELECT `user_id`,`pid`,`rate` FROM `zc_admin_user` WHERE `user_id` = 0 LIMIT 1   [ RunTime:0.0000s ]
SQL: INSERT INTO `zc_admin_income` (`admin_id`,`bet_id`,`user_id`,`issue`,`is_host`,`bet_balance`,`profit_balance`,`win_balance`,`commission`,`add_time`) VALUES ('1','74','2','634132','0','600.00','-6.00','600.00','6.00','1504807602') [ RunTime:0.0000s ]
SQL: SELECT `balance` FROM `zc_admin_user` WHERE `user_id` = 1 LIMIT 1   [ RunTime:0.0000s ]
SQL: UPDATE `zc_admin_user` SET `balance`='1112884.54' WHERE `user_id` = 1 [ RunTime:0.0000s ]
SQL: INSERT INTO `zc_admin_waste_book` (`user_id`,`before_balance`,`after_balance`,`change_balance`,`type`,`add_time`) VALUES ('1','1112878.54','1112884.54','6.00','1','1503838860') [ RunTime:0.0000s ]
SQL: UPDATE `zc_bet_log` SET `sync`='1' WHERE `id` = 74 [ RunTime:0.0000s ]
SQL: SELECT `invite_code` FROM `zc_user` WHERE `user_id` = 2 LIMIT 1   [ RunTime:0.0000s ]
SQL: SELECT `user_id`,`pid`,`rate` FROM `zc_admin_user` WHERE `invite_code` = '000000' LIMIT 1   [ RunTime:0.0000s ]
SQL: SELECT `user_id`,`pid`,`rate` FROM `zc_admin_user` WHERE `user_id` = 0 LIMIT 1   [ RunTime:0.0000s ]
SQL: INSERT INTO `zc_admin_income` (`admin_id`,`bet_id`,`user_id`,`issue`,`is_host`,`bet_balance`,`profit_balance`,`win_balance`,`commission`,`add_time`) VALUES ('1','75','2','634132','0','600.00','-6.00','600.00','6.00','1504807602') [ RunTime:0.0000s ]
SQL: SELECT `balance` FROM `zc_admin_user` WHERE `user_id` = 1 LIMIT 1   [ RunTime:0.0000s ]
SQL: UPDATE `zc_admin_user` SET `balance`='1112890.54' WHERE `user_id` = 1 [ RunTime:0.0156s ]
SQL: INSERT INTO `zc_admin_waste_book` (`user_id`,`before_balance`,`after_balance`,`change_balance`,`type`,`add_time`) VALUES ('1','1112884.54','1112890.54','6.00','1','1503838920') [ RunTime:0.0000s ]
SQL: UPDATE `zc_bet_log` SET `sync`='1' WHERE `id` = 75 [ RunTime:0.0000s ]
SQL: SELECT `invite_code` FROM `zc_user` WHERE `user_id` = 2 LIMIT 1   [ RunTime:0.0000s ]
SQL: SELECT `user_id`,`pid`,`rate` FROM `zc_admin_user` WHERE `invite_code` = '000000' LIMIT 1   [ RunTime:0.0000s ]
SQL: SELECT `user_id`,`pid`,`rate` FROM `zc_admin_user` WHERE `user_id` = 0 LIMIT 1   [ RunTime:0.0000s ]
SQL: INSERT INTO `zc_admin_income` (`admin_id`,`bet_id`,`user_id`,`issue`,`is_host`,`bet_balance`,`profit_balance`,`win_balance`,`commission`,`add_time`) VALUES ('1','76','2','634132','0','600.00','-6.00','600.00','6.00','1504807602') [ RunTime:0.0000s ]
SQL: SELECT `balance` FROM `zc_admin_user` WHERE `user_id` = 1 LIMIT 1   [ RunTime:0.0000s ]
SQL: UPDATE `zc_admin_user` SET `balance`='1112896.54' WHERE `user_id` = 1 [ RunTime:0.0000s ]
SQL: INSERT INTO `zc_admin_waste_book` (`user_id`,`before_balance`,`after_balance`,`change_balance`,`type`,`add_time`) VALUES ('1','1112890.54','1112896.54','6.00','1','1503839100') [ RunTime:0.0000s ]
SQL: UPDATE `zc_bet_log` SET `sync`='1' WHERE `id` = 76 [ RunTime:0.0000s ]
SQL: SELECT `invite_code` FROM `zc_user` WHERE `user_id` = 2 LIMIT 1   [ RunTime:0.0000s ]
SQL: SELECT `user_id`,`pid`,`rate` FROM `zc_admin_user` WHERE `invite_code` = '000000' LIMIT 1   [ RunTime:0.0000s ]
SQL: SELECT `user_id`,`pid`,`rate` FROM `zc_admin_user` WHERE `user_id` = 0 LIMIT 1   [ RunTime:0.0000s ]
SQL: INSERT INTO `zc_admin_income` (`admin_id`,`bet_id`,`user_id`,`issue`,`is_host`,`bet_balance`,`profit_balance`,`win_balance`,`commission`,`add_time`) VALUES ('1','77','2','634132','0','700.00','-6.00','600.00','6.00','1504807602') [ RunTime:0.0000s ]
SQL: SELECT `balance` FROM `zc_admin_user` WHERE `user_id` = 1 LIMIT 1   [ RunTime:0.0000s ]
SQL: UPDATE `zc_admin_user` SET `balance`='1112902.54' WHERE `user_id` = 1 [ RunTime:0.0000s ]
SQL: INSERT INTO `zc_admin_waste_book` (`user_id`,`before_balance`,`after_balance`,`change_balance`,`type`,`add_time`) VALUES ('1','1112896.54','1112902.54','6.00','1','1503839160') [ RunTime:0.0156s ]
SQL: UPDATE `zc_bet_log` SET `sync`='1' WHERE `id` = 77 [ RunTime:0.0000s ]
SQL: SELECT `invite_code` FROM `zc_user` WHERE `user_id` = 2 LIMIT 1   [ RunTime:0.0000s ]
SQL: SELECT `user_id`,`pid`,`rate` FROM `zc_admin_user` WHERE `invite_code` = '000000' LIMIT 1   [ RunTime:0.0000s ]
SQL: SELECT `user_id`,`pid`,`rate` FROM `zc_admin_user` WHERE `user_id` = 0 LIMIT 1   [ RunTime:0.0000s ]
SQL: INSERT INTO `zc_admin_income` (`admin_id`,`bet_id`,`user_id`,`issue`,`is_host`,`bet_balance`,`profit_balance`,`win_balance`,`commission`,`add_time`) VALUES ('1','78','2','634132','0','600.00','-4.00','400.00','4.00','1504807602') [ RunTime:0.0000s ]
SQL: SELECT `balance` FROM `zc_admin_user` WHERE `user_id` = 1 LIMIT 1   [ RunTime:0.0000s ]
SQL: UPDATE `zc_admin_user` SET `balance`='1112906.54' WHERE `user_id` = 1 [ RunTime:0.0000s ]
SQL: INSERT INTO `zc_admin_waste_book` (`user_id`,`before_balance`,`after_balance`,`change_balance`,`type`,`add_time`) VALUES ('1','1112902.54','1112906.54','4.00','1','1503839160') [ RunTime:0.0000s ]
SQL: UPDATE `zc_bet_log` SET `sync`='1' WHERE `id` = 78 [ RunTime:0.0000s ]
SQL: SELECT `invite_code` FROM `zc_user` WHERE `user_id` = 2 LIMIT 1   [ RunTime:0.0000s ]
SQL: SELECT `user_id`,`pid`,`rate` FROM `zc_admin_user` WHERE `invite_code` = '000000' LIMIT 1   [ RunTime:0.0000s ]
SQL: SELECT `user_id`,`pid`,`rate` FROM `zc_admin_user` WHERE `user_id` = 0 LIMIT 1   [ RunTime:0.0000s ]
SQL: INSERT INTO `zc_admin_income` (`admin_id`,`bet_id`,`user_id`,`issue`,`is_host`,`bet_balance`,`profit_balance`,`win_balance`,`commission`,`add_time`) VALUES ('1','79','2','634132','0','600.00','-6.00','600.00','6.00','1504807602') [ RunTime:0.0000s ]
SQL: SELECT `balance` FROM `zc_admin_user` WHERE `user_id` = 1 LIMIT 1   [ RunTime:0.0000s ]
SQL: UPDATE `zc_admin_user` SET `balance`='1112912.54' WHERE `user_id` = 1 [ RunTime:0.0000s ]
SQL: INSERT INTO `zc_admin_waste_book` (`user_id`,`before_balance`,`after_balance`,`change_balance`,`type`,`add_time`) VALUES ('1','1112906.54','1112912.54','6.00','1','1503839400') [ RunTime:0.0000s ]
SQL: UPDATE `zc_bet_log` SET `sync`='1' WHERE `id` = 79 [ RunTime:0.0000s ]
SQL: SELECT `invite_code` FROM `zc_user` WHERE `user_id` = 2 LIMIT 1   [ RunTime:0.0000s ]
SQL: SELECT `user_id`,`pid`,`rate` FROM `zc_admin_user` WHERE `invite_code` = '000000' LIMIT 1   [ RunTime:0.0000s ]
SQL: SELECT `user_id`,`pid`,`rate` FROM `zc_admin_user` WHERE `user_id` = 0 LIMIT 1   [ RunTime:0.0000s ]
SQL: INSERT INTO `zc_admin_income` (`admin_id`,`bet_id`,`user_id`,`issue`,`is_host`,`bet_balance`,`profit_balance`,`win_balance`,`commission`,`add_time`) VALUES ('1','80','2','634132','0','600.00','-6.00','600.00','6.00','1504807602') [ RunTime:0.0000s ]
SQL: SELECT `balance` FROM `zc_admin_user` WHERE `user_id` = 1 LIMIT 1   [ RunTime:0.0156s ]
SQL: UPDATE `zc_admin_user` SET `balance`='1112918.54' WHERE `user_id` = 1 [ RunTime:0.0000s ]
SQL: INSERT INTO `zc_admin_waste_book` (`user_id`,`before_balance`,`after_balance`,`change_balance`,`type`,`add_time`) VALUES ('1','1112912.54','1112918.54','6.00','1','1503839400') [ RunTime:0.0000s ]
SQL: UPDATE `zc_bet_log` SET `sync`='1' WHERE `id` = 80 [ RunTime:0.0000s ]
SQL: SELECT `invite_code` FROM `zc_user` WHERE `user_id` = 2 LIMIT 1   [ RunTime:0.0000s ]
SQL: SELECT `user_id`,`pid`,`rate` FROM `zc_admin_user` WHERE `invite_code` = '000000' LIMIT 1   [ RunTime:0.0000s ]
SQL: SELECT `user_id`,`pid`,`rate` FROM `zc_admin_user` WHERE `user_id` = 0 LIMIT 1   [ RunTime:0.0000s ]
SQL: INSERT INTO `zc_admin_income` (`admin_id`,`bet_id`,`user_id`,`issue`,`is_host`,`bet_balance`,`profit_balance`,`win_balance`,`commission`,`add_time`) VALUES ('1','81','2','634132','0','500.00','-4.00','400.00','4.00','1504807602') [ RunTime:0.0000s ]
SQL: SELECT `balance` FROM `zc_admin_user` WHERE `user_id` = 1 LIMIT 1   [ RunTime:0.0000s ]
SQL: UPDATE `zc_admin_user` SET `balance`='1112922.54' WHERE `user_id` = 1 [ RunTime:0.0000s ]
SQL: INSERT INTO `zc_admin_waste_book` (`user_id`,`before_balance`,`after_balance`,`change_balance`,`type`,`add_time`) VALUES ('1','1112918.54','1112922.54','4.00','1','1503839400') [ RunTime:0.0000s ]
SQL: UPDATE `zc_bet_log` SET `sync`='1' WHERE `id` = 81 [ RunTime:0.0000s ]
SQL: SELECT `invite_code` FROM `zc_user` WHERE `user_id` = 2 LIMIT 1   [ RunTime:0.0000s ]
SQL: SELECT `user_id`,`pid`,`rate` FROM `zc_admin_user` WHERE `invite_code` = '000000' LIMIT 1   [ RunTime:0.0000s ]
SQL: SELECT `user_id`,`pid`,`rate` FROM `zc_admin_user` WHERE `user_id` = 0 LIMIT 1   [ RunTime:0.0000s ]
SQL: INSERT INTO `zc_admin_income` (`admin_id`,`bet_id`,`user_id`,`issue`,`is_host`,`bet_balance`,`profit_balance`,`win_balance`,`commission`,`add_time`) VALUES ('1','82','2','634132','0','500.00','-4.00','400.00','4.00','1504807602') [ RunTime:0.0000s ]
SQL: SELECT `balance` FROM `zc_admin_user` WHERE `user_id` = 1 LIMIT 1   [ RunTime:0.0000s ]
SQL: UPDATE `zc_admin_user` SET `balance`='1112926.54' WHERE `user_id` = 1 [ RunTime:0.0000s ]
SQL: INSERT INTO `zc_admin_waste_book` (`user_id`,`before_balance`,`after_balance`,`change_balance`,`type`,`add_time`) VALUES ('1','1112922.54','1112926.54','4.00','1','1503839460') [ RunTime:0.0000s ]
SQL: UPDATE `zc_bet_log` SET `sync`='1' WHERE `id` = 82 [ RunTime:0.0156s ]
SQL: SELECT `invite_code` FROM `zc_user` WHERE `user_id` = 2 LIMIT 1   [ RunTime:0.0000s ]
SQL: SELECT `user_id`,`pid`,`rate` FROM `zc_admin_user` WHERE `invite_code` = '000000' LIMIT 1   [ RunTime:0.0000s ]
SQL: SELECT `user_id`,`pid`,`rate` FROM `zc_admin_user` WHERE `user_id` = 0 LIMIT 1   [ RunTime:0.0000s ]
SQL: INSERT INTO `zc_admin_income` (`admin_id`,`bet_id`,`user_id`,`issue`,`is_host`,`bet_balance`,`profit_balance`,`win_balance`,`commission`,`add_time`) VALUES ('1','83','2','634132','0','500.00','-4.00','400.00','4.00','1504807602') [ RunTime:0.0000s ]
SQL: SELECT `balance` FROM `zc_admin_user` WHERE `user_id` = 1 LIMIT 1   [ RunTime:0.0000s ]
SQL: UPDATE `zc_admin_user` SET `balance`='1112930.54' WHERE `user_id` = 1 [ RunTime:0.0000s ]
SQL: INSERT INTO `zc_admin_waste_book` (`user_id`,`before_balance`,`after_balance`,`change_balance`,`type`,`add_time`) VALUES ('1','1112926.54','1112930.54','4.00','1','1503839760') [ RunTime:0.0000s ]
SQL: UPDATE `zc_bet_log` SET `sync`='1' WHERE `id` = 83 [ RunTime:0.0000s ]
INFO: [ app_end ] --START--
INFO: Run Behavior\ShowPageTraceBehavior [ RunTime:0.000000s ]
INFO: [ app_end ] --END-- [ RunTime:0.000000s ]

[ 2017-09-08T02:08:10+08:00 ] 127.0.0.1 /cli/syncIncome
INFO: [ app_init ] --START--
INFO: Run Behavior\BuildLiteBehavior [ RunTime:0.000000s ]
INFO: [ app_init ] --END-- [ RunTime:0.000000s ]
INFO: [ app_begin ] --START--
INFO: Run Behavior\ReadHtmlCacheBehavior [ RunTime:0.000000s ]
INFO: [ app_begin ] --END-- [ RunTime:0.000000s ]
SQL: SHOW COLUMNS FROM `zc_admin_user` [ RunTime:0.0156s ]
SQL: SHOW COLUMNS FROM `zc_bet_log` [ RunTime:0.0000s ]
SQL: SHOW COLUMNS FROM `zc_admin_income` [ RunTime:0.0156s ]
SQL: SHOW COLUMNS FROM `zc_admin_waste_book` [ RunTime:0.0156s ]
SQL: SELECT `id`,`user_id`,`issue`,`is_host`,`bet_balance`,`profit_balance`,`commission`,`add_time` FROM `zc_bet_log` WHERE `sync` = 0  [ RunTime:0.0000s ]
SQL: SHOW COLUMNS FROM `zc_user` [ RunTime:0.0156s ]
SQL: SELECT `invite_code` FROM `zc_user` WHERE `user_id` = 29 LIMIT 1   [ RunTime:0.0000s ]
SQL: SELECT `user_id`,`pid`,`rate` FROM `zc_admin_user` WHERE `invite_code` = '000000' LIMIT 1   [ RunTime:0.0000s ]
SQL: SELECT `user_id`,`pid`,`rate` FROM `zc_admin_user` WHERE `user_id` = 0 LIMIT 1   [ RunTime:0.0000s ]
SQL: INSERT INTO `zc_admin_income` (`admin_id`,`bet_id`,`user_id`,`issue`,`is_host`,`bet_balance`,`profit_balance`,`win_balance`,`commission`,`add_time`) VALUES ('1','83','29','634132','0','500.00','-4.00','400.00','4.00','1504807690') [ RunTime:0.0000s ]
SQL: SELECT `balance` FROM `zc_admin_user` WHERE `user_id` = 1 LIMIT 1   [ RunTime:0.0000s ]
SQL: UPDATE `zc_admin_user` SET `balance`='1112934.54' WHERE `user_id` = 1 [ RunTime:0.0000s ]
SQL: INSERT INTO `zc_admin_waste_book` (`user_id`,`before_balance`,`after_balance`,`change_balance`,`type`,`add_time`) VALUES ('1','1112930.54','1112934.54','4.00','1','1503839760') [ RunTime:0.0000s ]
SQL: UPDATE `zc_bet_log` SET `sync`='1' WHERE `id` = 83 [ RunTime:0.0000s ]
INFO: [ app_end ] --START--
INFO: Run Behavior\ShowPageTraceBehavior [ RunTime:0.000000s ]
INFO: [ app_end ] --END-- [ RunTime:0.000000s ]

[ 2017-09-08T02:09:34+08:00 ] 127.0.0.1 /cli/syncIncome
INFO: [ app_init ] --START--
INFO: Run Behavior\BuildLiteBehavior [ RunTime:0.000000s ]
INFO: [ app_init ] --END-- [ RunTime:0.000000s ]
INFO: [ app_begin ] --START--
INFO: Run Behavior\ReadHtmlCacheBehavior [ RunTime:0.000000s ]
INFO: [ app_begin ] --END-- [ RunTime:0.000000s ]
SQL: SHOW COLUMNS FROM `zc_admin_user` [ RunTime:0.0156s ]
SQL: SHOW COLUMNS FROM `zc_bet_log` [ RunTime:0.0313s ]
SQL: SHOW COLUMNS FROM `zc_admin_income` [ RunTime:0.0000s ]
SQL: SHOW COLUMNS FROM `zc_admin_waste_book` [ RunTime:0.0000s ]
SQL: SELECT `id`,`user_id`,`issue`,`is_host`,`bet_balance`,`profit_balance`,`commission`,`add_time` FROM `zc_bet_log` WHERE `sync` = 0  [ RunTime:0.0156s ]
SQL: SHOW COLUMNS FROM `zc_user` [ RunTime:0.0156s ]
SQL: SELECT `invite_code` FROM `zc_user` WHERE `user_id` = 4 LIMIT 1   [ RunTime:0.0000s ]
SQL: SELECT `user_id`,`pid`,`rate` FROM `zc_admin_user` WHERE `invite_code` = '917157' LIMIT 1   [ RunTime:0.0000s ]
SQL: SELECT `user_id`,`pid`,`rate` FROM `zc_admin_user` WHERE `user_id` = 1 LIMIT 1   [ RunTime:0.0000s ]
SQL: SELECT `user_id`,`pid`,`rate` FROM `zc_admin_user` WHERE `user_id` = 0 LIMIT 1   [ RunTime:0.0000s ]
SQL: INSERT INTO `zc_admin_income` (`admin_id`,`bet_id`,`user_id`,`issue`,`is_host`,`bet_balance`,`profit_balance`,`win_balance`,`commission`,`add_time`) VALUES ('29','83','4','634132','0','500.00','-4.00','400.00','2.00','1504807774') [ RunTime:0.0000s ]
SQL: SELECT `balance` FROM `zc_admin_user` WHERE `user_id` = 29 LIMIT 1   [ RunTime:0.0000s ]
SQL: UPDATE `zc_admin_user` SET `balance`='62.70' WHERE `user_id` = 29 [ RunTime:0.0000s ]
SQL: INSERT INTO `zc_admin_waste_book` (`user_id`,`before_balance`,`after_balance`,`change_balance`,`type`,`add_time`) VALUES ('29','60.70','62.70','2.00','1','1503839760') [ RunTime:0.0000s ]
SQL: INSERT INTO `zc_admin_income` (`admin_id`,`bet_id`,`user_id`,`issue`,`is_host`,`bet_balance`,`profit_balance`,`win_balance`,`commission`,`add_time`) VALUES ('1','83','4','634132','0','500.00','-4.00','400.00','2.00','1504807774') [ RunTime:0.0000s ]
SQL: SELECT `balance` FROM `zc_admin_user` WHERE `user_id` = 1 LIMIT 1   [ RunTime:0.0000s ]
SQL: UPDATE `zc_admin_user` SET `balance`='1112936.54' WHERE `user_id` = 1 [ RunTime:0.0000s ]
SQL: INSERT INTO `zc_admin_waste_book` (`user_id`,`before_balance`,`after_balance`,`change_balance`,`type`,`add_time`) VALUES ('1','1112934.54','1112936.54','2.00','1','1503839760') [ RunTime:0.0000s ]
SQL: UPDATE `zc_bet_log` SET `sync`='1' WHERE `id` = 83 [ RunTime:0.0000s ]
INFO: [ app_end ] --START--
INFO: Run Behavior\ShowPageTraceBehavior [ RunTime:0.000000s ]
INFO: [ app_end ] --END-- [ RunTime:0.000000s ]

[ 2017-09-08T02:11:49+08:00 ] 127.0.0.1 /cli/syncIncome
INFO: [ app_init ] --START--
INFO: Run Behavior\BuildLiteBehavior [ RunTime:0.000000s ]
INFO: [ app_init ] --END-- [ RunTime:0.000000s ]
INFO: [ app_begin ] --START--
INFO: Run Behavior\ReadHtmlCacheBehavior [ RunTime:0.000000s ]
INFO: [ app_begin ] --END-- [ RunTime:0.000000s ]
SQL: SHOW COLUMNS FROM `zc_admin_user` [ RunTime:0.0156s ]
SQL: SHOW COLUMNS FROM `zc_bet_log` [ RunTime:0.0156s ]
SQL: SHOW COLUMNS FROM `zc_admin_income` [ RunTime:0.0156s ]
SQL: SHOW COLUMNS FROM `zc_admin_waste_book` [ RunTime:0.0156s ]
SQL: SELECT `id`,`user_id`,`issue`,`is_host`,`bet_balance`,`profit_balance`,`commission`,`add_time` FROM `zc_bet_log` WHERE `sync` = 0  [ RunTime:0.0000s ]
SQL: SHOW COLUMNS FROM `zc_user` [ RunTime:0.0156s ]
SQL: SELECT `invite_code` FROM `zc_user` WHERE `user_id` = 4 LIMIT 1   [ RunTime:0.0000s ]
SQL: SELECT `user_id`,`pid`,`rate` FROM `zc_admin_user` WHERE `invite_code` = '917157' LIMIT 1   [ RunTime:0.0000s ]
SQL: SELECT `user_id`,`pid`,`rate` FROM `zc_admin_user` WHERE `user_id` = 1 LIMIT 1   [ RunTime:0.0156s ]
SQL: SELECT `user_id`,`pid`,`rate` FROM `zc_admin_user` WHERE `user_id` = 0 LIMIT 1   [ RunTime:0.0000s ]
SQL: INSERT INTO `zc_admin_income` (`admin_id`,`bet_id`,`user_id`,`issue`,`is_host`,`bet_balance`,`profit_balance`,`win_balance`,`commission`,`add_time`) VALUES ('29','83','4','634132','0','500.00','-4.00','400.00','1.60','1504807909') [ RunTime:0.0000s ]
SQL: SELECT `balance` FROM `zc_admin_user` WHERE `user_id` = 29 LIMIT 1   [ RunTime:0.0000s ]
SQL: UPDATE `zc_admin_user` SET `balance`='64.30' WHERE `user_id` = 29 [ RunTime:0.0000s ]
SQL: INSERT INTO `zc_admin_waste_book` (`user_id`,`before_balance`,`after_balance`,`change_balance`,`type`,`add_time`) VALUES ('29','62.70','64.30','1.60','1','1503839760') [ RunTime:0.0000s ]
SQL: INSERT INTO `zc_admin_income` (`admin_id`,`bet_id`,`user_id`,`issue`,`is_host`,`bet_balance`,`profit_balance`,`win_balance`,`commission`,`add_time`) VALUES ('1','83','4','634132','0','500.00','-4.00','400.00','2.40','1504807909') [ RunTime:0.0000s ]
SQL: SELECT `balance` FROM `zc_admin_user` WHERE `user_id` = 1 LIMIT 1   [ RunTime:0.0000s ]
SQL: UPDATE `zc_admin_user` SET `balance`='1112938.94' WHERE `user_id` = 1 [ RunTime:0.0156s ]
SQL: INSERT INTO `zc_admin_waste_book` (`user_id`,`before_balance`,`after_balance`,`change_balance`,`type`,`add_time`) VALUES ('1','1112936.54','1112938.94','2.40','1','1503839760') [ RunTime:0.0000s ]
SQL: UPDATE `zc_bet_log` SET `sync`='1' WHERE `id` = 83 [ RunTime:0.0000s ]
INFO: [ app_end ] --START--
INFO: Run Behavior\ShowPageTraceBehavior [ RunTime:0.000000s ]
INFO: [ app_end ] --END-- [ RunTime:0.000000s ]

[ 2017-09-08T20:20:51+08:00 ] 127.0.0.1 /cli/open/index
ERR: 1048:Column 'lottery_name' cannot be null
 [ SQL语句 ] : INSERT INTO `zc_lottery_issue` (`lottery_name`,`lottery_id`,`issue`,`lottery_number`,`date_time`,`action_name`,`finished`,`add_time`) VALUES (NULL,'0',NULL,'8888888888','2017-09-08 20:19:00','','0','1504873251')
ERR: 1048:Column 'lottery_name' cannot be null
 [ SQL语句 ] : INSERT INTO `zc_lottery_issue` (`lottery_name`,`lottery_id`,`issue`,`lottery_number`,`date_time`,`action_name`,`finished`,`add_time`) VALUES (NULL,'0',NULL,'8888888888','2017-09-08 20:19:00','','0','1504873251')

